2025-11-17 16:32:32,046 INFO o.a.j.u.JMeterUtils: Setting Locale to en_EN
2025-11-17 16:32:32,073 INFO o.a.j.JMeter: Loading user properties from: C:\Users\user\apache-jmeter-5.6.3\apache-jmeter-5.6.3\bin\user.properties
2025-11-17 16:32:32,074 INFO o.a.j.JMeter: Loading system properties from: C:\Users\user\apache-jmeter-5.6.3\apache-jmeter-5.6.3\bin\system.properties
2025-11-17 16:32:32,074 INFO o.a.j.JMeter: Setting JMeter property: THREADS=1
2025-11-17 16:32:32,074 INFO o.a.j.JMeter: Setting JMeter property: RAMPUP=1
2025-11-17 16:32:32,074 INFO o.a.j.JMeter: Setting JMeter property: DURATION=300
2025-11-17 16:32:32,083 INFO o.a.j.JMeter: Copyright (c) 1998-2024 The Apache Software Foundation
2025-11-17 16:32:32,083 INFO o.a.j.JMeter: Version 5.6.3
2025-11-17 16:32:32,084 INFO o.a.j.JMeter: java.version=17.0.6
2025-11-17 16:32:32,084 INFO o.a.j.JMeter: java.vm.name=Java HotSpot(TM) 64-Bit Server VM
2025-11-17 16:32:32,084 INFO o.a.j.JMeter: os.name=Windows 11
2025-11-17 16:32:32,084 INFO o.a.j.JMeter: os.arch=amd64
2025-11-17 16:32:32,084 INFO o.a.j.JMeter: os.version=10.0
2025-11-17 16:32:32,084 INFO o.a.j.JMeter: file.encoding=MS949
2025-11-17 16:32:32,084 INFO o.a.j.JMeter: java.awt.headless=true
2025-11-17 16:32:32,084 INFO o.a.j.JMeter: Max memory     =1073741824
2025-11-17 16:32:32,084 INFO o.a.j.JMeter: Available Processors =8
2025-11-17 16:32:32,097 INFO o.a.j.JMeter: Default Locale=English (EN)
2025-11-17 16:32:32,098 INFO o.a.j.JMeter: JMeter  Locale=English (EN)
2025-11-17 16:32:32,098 INFO o.a.j.JMeter: JMeterHome=C:\Users\user\apache-jmeter-5.6.3\apache-jmeter-5.6.3
2025-11-17 16:32:32,098 INFO o.a.j.JMeter: user.dir  =C:\payment
2025-11-17 16:32:32,098 INFO o.a.j.JMeter: PWD       =C:\payment
2025-11-17 16:32:37,074 INFO o.a.j.JMeter: IP: 192.168.111.1 Name: LAPTOP-U8UI70T7 FullName: LAPTOP-U8UI70T7
2025-11-17 16:32:37,113 INFO o.a.j.s.FileServer: Default base='C:\payment'
2025-11-17 16:32:37,116 INFO o.a.j.s.FileServer: Set new base='C:\payment\load-test\jmeter'
2025-11-17 16:32:37,306 INFO o.a.j.s.SaveService: Testplan (JMX) version: 2.2. Testlog (JTL) version: 2.2
2025-11-17 16:32:37,328 INFO o.a.j.s.SaveService: Using SaveService properties version 5.0
2025-11-17 16:32:37,331 INFO o.a.j.s.SaveService: Using SaveService properties file encoding UTF-8
2025-11-17 16:32:37,334 INFO o.a.j.s.SaveService: Loading file: load-test\jmeter\saga-test-fail-payment.jmx
2025-11-17 16:32:37,401 INFO o.a.j.p.h.s.HTTPSamplerBase: Parser for text/html is org.apache.jmeter.protocol.http.parser.LagartoBasedHtmlParser
2025-11-17 16:32:37,401 INFO o.a.j.p.h.s.HTTPSamplerBase: Parser for application/xhtml+xml is org.apache.jmeter.protocol.http.parser.LagartoBasedHtmlParser
2025-11-17 16:32:37,401 INFO o.a.j.p.h.s.HTTPSamplerBase: Parser for application/xml is org.apache.jmeter.protocol.http.parser.LagartoBasedHtmlParser
2025-11-17 16:32:37,401 INFO o.a.j.p.h.s.HTTPSamplerBase: Parser for text/xml is org.apache.jmeter.protocol.http.parser.LagartoBasedHtmlParser
2025-11-17 16:32:37,401 INFO o.a.j.p.h.s.HTTPSamplerBase: Parser for text/vnd.wap.wml is org.apache.jmeter.protocol.http.parser.RegexpHTMLParser
2025-11-17 16:32:37,401 INFO o.a.j.p.h.s.HTTPSamplerBase: Parser for text/css is org.apache.jmeter.protocol.http.parser.CssParser
2025-11-17 16:32:37,432 INFO o.a.j.JMeter: Creating summariser <summary>
2025-11-17 16:32:37,443 INFO o.a.j.e.StandardJMeterEngine: Running the test!
2025-11-17 16:32:37,445 INFO o.a.j.s.SampleEvent: List of sample_variables: []
2025-11-17 16:32:37,445 INFO o.a.j.s.SampleEvent: List of sample_variables: []
2025-11-17 16:32:37,451 INFO o.a.j.e.u.CompoundVariable: Note: Function class names must contain the string: '.functions.'
2025-11-17 16:32:37,452 INFO o.a.j.e.u.CompoundVariable: Note: Function class names must not contain the string: '.gui.'
2025-11-17 16:32:37,550 INFO o.a.j.JMeter: Running test (1763364757550)
2025-11-17 16:32:37,570 INFO o.a.j.e.StandardJMeterEngine: Starting ThreadGroup: 1 : Gradual Load Test
2025-11-17 16:32:37,570 INFO o.a.j.e.StandardJMeterEngine: Starting 1 threads for group Gradual Load Test.
2025-11-17 16:32:37,570 INFO o.a.j.e.StandardJMeterEngine: Thread will continue on error
2025-11-17 16:32:37,571 INFO o.a.j.t.ThreadGroup: Starting thread group... number=1 threads=1 ramp-up=1 delayedStart=false
2025-11-17 16:32:37,574 INFO o.a.j.t.ThreadGroup: Started thread group number 1
2025-11-17 16:32:37,574 INFO o.a.j.e.StandardJMeterEngine: Starting ThreadGroup: 2 : Thread Group
2025-11-17 16:32:37,574 INFO o.a.j.e.StandardJMeterEngine: Starting 1 threads for group Thread Group.
2025-11-17 16:32:37,574 INFO o.a.j.e.StandardJMeterEngine: Thread will continue on error
2025-11-17 16:32:37,575 INFO o.a.j.t.ThreadGroup: Starting thread group... number=2 threads=1 ramp-up=1 delayedStart=false
2025-11-17 16:32:37,575 INFO o.a.j.t.ThreadGroup: Started thread group number 2
2025-11-17 16:32:37,575 INFO o.a.j.e.StandardJMeterEngine: All thread groups have been started
2025-11-17 16:32:37,575 INFO o.a.j.t.JMeterThread: Thread started: Thread Group 2-1
2025-11-17 16:32:37,577 INFO o.a.j.t.JMeterThread: Thread started: Gradual Load Test 1-1
2025-11-17 16:32:37,578 INFO o.a.j.t.JMeterThread: Thread is done: Thread Group 2-1
2025-11-17 16:32:37,578 INFO o.a.j.t.JMeterThread: Thread finished: Thread Group 2-1
2025-11-17 16:32:37,603 INFO o.a.j.p.h.s.HTTPHCAbstractImpl: Local host = LAPTOP-U8UI70T7
2025-11-17 16:32:37,612 INFO o.a.j.p.h.s.HTTPHC4Impl: HTTP request retry count = 0
2025-11-17 16:32:37,614 INFO o.a.j.s.SampleResult: Note: Sample TimeStamps are START times
2025-11-17 16:32:37,614 INFO o.a.j.s.SampleResult: sampleresult.default.encoding is set to UTF-8
2025-11-17 16:32:37,614 INFO o.a.j.s.SampleResult: sampleresult.useNanoTime=true
2025-11-17 16:32:37,614 INFO o.a.j.s.SampleResult: sampleresult.nanoThreadSleep=5000
2025-11-17 16:33:00,047 INFO o.a.j.r.Summariser: summary +    308 in 00:00:22 =   13.7/s Avg:    71 Min:    29 Max:   877 Err:   308 (100.00%) Active: 1 Started: 2 Finished: 1
2025-11-17 16:33:30,028 INFO o.a.j.r.Summariser: summary +    637 in 00:00:30 =   21.2/s Avg:    46 Min:    28 Max:   206 Err:   637 (100.00%) Active: 1 Started: 2 Finished: 1
2025-11-17 16:33:30,028 INFO o.a.j.r.Summariser: summary =    945 in 00:00:52 =   18.0/s Avg:    54 Min:    28 Max:   877 Err:   945 (100.00%)
2025-11-17 16:34:00,040 INFO o.a.j.r.Summariser: summary +    625 in 00:00:30 =   20.8/s Avg:    47 Min:    29 Max:   164 Err:   625 (100.00%) Active: 1 Started: 2 Finished: 1
2025-11-17 16:34:00,042 INFO o.a.j.r.Summariser: summary =   1570 in 00:01:22 =   19.0/s Avg:    52 Min:    28 Max:   877 Err:  1570 (100.00%)
2025-11-17 16:34:30,026 INFO o.a.j.r.Summariser: summary +    590 in 00:00:30 =   19.7/s Avg:    50 Min:    29 Max:   106 Err:   590 (100.00%) Active: 1 Started: 2 Finished: 1
2025-11-17 16:34:30,027 INFO o.a.j.r.Summariser: summary =   2160 in 00:01:52 =   19.2/s Avg:    51 Min:    28 Max:   877 Err:  2160 (100.00%)
2025-11-17 16:35:00,039 INFO o.a.j.r.Summariser: summary +    567 in 00:00:30 =   18.9/s Avg:    52 Min:    38 Max:   167 Err:   567 (100.00%) Active: 1 Started: 2 Finished: 1
2025-11-17 16:35:00,040 INFO o.a.j.r.Summariser: summary =   2727 in 00:02:22 =   19.1/s Avg:    51 Min:    28 Max:   877 Err:  2727 (100.00%)
2025-11-17 16:35:30,217 INFO o.a.j.r.Summariser: summary +    555 in 00:00:30 =   18.4/s Avg:    54 Min:    35 Max:   376 Err:   555 (100.00%) Active: 1 Started: 2 Finished: 1
2025-11-17 16:35:30,219 INFO o.a.j.r.Summariser: summary =   3282 in 00:02:53 =   19.0/s Avg:    52 Min:    28 Max:   877 Err:  3282 (100.00%)
2025-11-17 16:36:00,021 INFO o.a.j.r.Summariser: summary +    694 in 00:00:30 =   23.3/s Avg:    42 Min:    29 Max:   170 Err:   694 (100.00%) Active: 1 Started: 2 Finished: 1
2025-11-17 16:36:00,022 INFO o.a.j.r.Summariser: summary =   3976 in 00:03:22 =   19.6/s Avg:    50 Min:    28 Max:   877 Err:  3976 (100.00%)
2025-11-17 16:36:30,006 INFO o.a.j.r.Summariser: summary +    751 in 00:00:30 =   25.0/s Avg:    39 Min:    25 Max:    80 Err:   751 (100.00%) Active: 1 Started: 2 Finished: 1
2025-11-17 16:36:30,008 INFO o.a.j.r.Summariser: summary =   4727 in 00:03:52 =   20.3/s Avg:    48 Min:    25 Max:   877 Err:  4727 (100.00%)
2025-11-17 16:37:00,002 INFO o.a.j.r.Summariser: summary +    710 in 00:00:30 =   23.7/s Avg:    42 Min:    32 Max:    95 Err:   710 (100.00%) Active: 1 Started: 2 Finished: 1
2025-11-17 16:37:00,003 INFO o.a.j.r.Summariser: summary =   5437 in 00:04:22 =   20.7/s Avg:    47 Min:    25 Max:   877 Err:  5437 (100.00%)
2025-11-17 16:37:30,004 INFO o.a.j.r.Summariser: summary +    722 in 00:00:30 =   24.1/s Avg:    41 Min:    26 Max:    94 Err:   722 (100.00%) Active: 1 Started: 2 Finished: 1
2025-11-17 16:37:30,004 INFO o.a.j.r.Summariser: summary =   6159 in 00:04:52 =   21.1/s Avg:    47 Min:    25 Max:   877 Err:  6159 (100.00%)
2025-11-17 16:37:37,622 INFO o.a.j.t.JMeterThread: Stopping because end time detected by thread: Gradual Load Test 1-1
2025-11-17 16:37:37,622 INFO o.a.j.t.JMeterThread: Thread finished: Gradual Load Test 1-1
2025-11-17 16:37:37,623 INFO o.a.j.e.StandardJMeterEngine: Notifying test listeners of end of test
2025-11-17 16:37:37,625 INFO o.a.j.r.Summariser: summary +    173 in 00:00:08 =   22.7/s Avg:    43 Min:    36 Max:    77 Err:   173 (100.00%) Active: 0 Started: 2 Finished: 2
2025-11-17 16:37:37,626 INFO o.a.j.r.Summariser: summary =   6332 in 00:05:00 =   21.1/s Avg:    47 Min:    25 Max:   877 Err:  6332 (100.00%)
